[debug] [2022-04-20T04:20:57.160Z] ----------------------------------------------------------------------
[debug] [2022-04-20T04:20:57.164Z] Command:       C:\Program Files\nodejs\node.exe C:\Users\ASUS\AppData\Roaming\npm\node_modules\firebase-tools\lib\bin\firebase.js init hosting:github
[debug] [2022-04-20T04:20:57.165Z] CLI Version:   10.7.0
[debug] [2022-04-20T04:20:57.166Z] Platform:      win32
[debug] [2022-04-20T04:20:57.166Z] Node Version:  v16.14.2
[debug] [2022-04-20T04:20:57.168Z] Time:          Tue Apr 19 2022 23:20:57 GMT-0500 (hora de Ecuador)
[debug] [2022-04-20T04:20:57.169Z] ----------------------------------------------------------------------
[debug] 
[debug] [2022-04-20T04:20:57.264Z] > command requires scopes: ["email","openid","https://www.googleapis.com/auth/cloudplatformprojects.readonly","https://www.googleapis.com/auth/firebase","https://www.googleapis.com/auth/cloud-platform"]
[debug] [2022-04-20T04:20:57.265Z] > authorizing via signed-in user (pgmaldonado.2@sudamericano.edu.ec)
[info] 
     ######## #### ########  ######## ########     ###     ######  ########
     ##        ##  ##     ## ##       ##     ##  ##   ##  ##       ##
     ######    ##  ########  ######   ########  #########  ######  ######
     ##        ##  ##    ##  ##       ##     ## ##     ##       ## ##
     ##       #### ##     ## ######## ########  ##     ##  ######  ########

You're about to initialize a Firebase project in this directory:

  C:\Users\ASUS\Documents\Visual\Interfases Graficas\Mi Primera Pag

Before we get started, keep in mind:

  * You are initializing within an existing Firebase project directory

[info] 
=== Project Setup
[info] 
[info] First, let's associate this project directory with a Firebase project.
[info] You can create multiple project aliases by running firebase use --add, 
[info] but for now we'll just set up a default project.
[info] 
[debug] [2022-04-20T04:20:59.537Z] Using project from CLI flag: interfaces-graficas3105
[debug] [2022-04-20T04:20:59.543Z] >>> [apiv2][query] GET https://firebase.googleapis.com/v1beta1/projects/interfaces-graficas3105 [none]
[debug] [2022-04-20T04:21:00.565Z] <<< [apiv2][status] GET https://firebase.googleapis.com/v1beta1/projects/interfaces-graficas3105 200
[debug] [2022-04-20T04:21:00.565Z] <<< [apiv2][body] GET https://firebase.googleapis.com/v1beta1/projects/interfaces-graficas3105 {"projectId":"interfaces-graficas3105","projectNumber":"854344678657","displayName":"Interfaces Graficas","name":"projects/interfaces-graficas3105","resources":{"hostingSite":"interfaces-graficas3105"},"state":"ACTIVE"}
[info] i  Using project interfaces-graficas3105 (Interfaces Graficas) 
[info] 
=== Hosting:github Setup
[info] 
[info] i  Didn't detect a .git folder. Assuming C:\Users\ASUS\Documents\Visual\Interfases Graficas\Mi Primera Pag is the project root. 
[info] i  Authorizing with GitHub to upload your service account to a GitHub repository's secrets store. 
[info] 
[info] Visit this URL on this device to log in:
[info] https://github.com/login/oauth/authorize?client_id=89cf50f02ac6aaed3484&state=26954072&redirect_uri=http%3A%2F%2Flocalhost%3A9005&scope=read%3Auser%20repo%20public_repo
[info] 
[info] Waiting for authentication...
[debug] [2022-04-20T04:21:02.117Z] >>> HTTP REQUEST POST https://github.com/login/oauth/access_token  
 {"client_id":"89cf50f02ac6aaed3484","client_secret":"3330d14abc895d9a74d5f17cd7a00711fa2c5bf0","code":"66db0dcc980263e82299","redirect_uri":"http://localhost:9005","state":"26954072"}
[debug] [2022-04-20T04:21:03.042Z] <<< HTTP RESPONSE 200 {"server":"GitHub.com","date":"Wed, 20 Apr 2022 04:20:34 GMT","content-type":"application/json; charset=utf-8","transfer-encoding":"chunked","vary":"X-PJAX, X-PJAX-Container, Accept-Encoding, Accept, X-Requested-With","permissions-policy":"interest-cohort=()","etag":"W/\"6a0c4a810de1fe4c7ab57ad451bee19e\"","cache-control":"max-age=0, private, must-revalidate","strict-transport-security":"max-age=31536000; includeSubdomains; preload","x-frame-options":"deny","x-content-type-options":"nosniff","x-xss-protection":"0","referrer-policy":"origin-when-cross-origin, strict-origin-when-cross-origin","expect-ct":"max-age=2592000, report-uri=\"https://api.github.com/_private/browser/errors\"","content-security-policy":"default-src 'none'; base-uri 'self'; block-all-mixed-content; child-src github.com/assets-cdn/worker/ gist.github.com/assets-cdn/worker/; connect-src 'self' uploads.github.com objects-origin.githubusercontent.com www.githubstatus.com collector.github.com raw.githubusercontent.com api.github.com github-cloud.s3.amazonaws.com github-production-repository-file-5c1aeb.s3.amazonaws.com github-production-upload-manifest-file-7fdce7.s3.amazonaws.com github-production-user-asset-6210df.s3.amazonaws.com cdn.optimizely.com logx.optimizely.com/v1/events translator.github.com *.actions.githubusercontent.com wss://*.actions.githubusercontent.com online.visualstudio.com/api/v1/locations github-production-repository-image-32fea6.s3.amazonaws.com github-production-release-asset-2e65be.s3.amazonaws.com insights.github.com wss://alive.github.com; font-src github.githubassets.com; form-action 'self' github.com gist.github.com objects-origin.githubusercontent.com; frame-ancestors 'none'; frame-src render.githubusercontent.com viewscreen.githubusercontent.com notebooks.githubusercontent.com; img-src 'self' data: github.githubassets.com identicons.github.com github-cloud.s3.amazonaws.com secured-user-images.githubusercontent.com/ *.githubusercontent.com; manifest-src 'self'; media-src github.com user-images.githubusercontent.com/; script-src github.githubassets.com; style-src 'unsafe-inline' github.githubassets.com; worker-src github.com/assets-cdn/worker/ gist.github.com/assets-cdn/worker/","x-github-request-id":"C60E:106C5:2E8D49:312AF3:625F8A11"}
[debug] [2022-04-20T04:21:03.052Z] >>> [apiv2][query] GET https://api.github.com/user [none]
[debug] [2022-04-20T04:21:03.964Z] <<< [apiv2][status] GET https://api.github.com/user 200
[debug] [2022-04-20T04:21:03.964Z] <<< [apiv2][body] GET https://api.github.com/user {"login":"PedroMaldonado3105","id":102623203,"node_id":"U_kgDOBh3n4w","avatar_url":"https://avatars.githubusercontent.com/u/102623203?v=4","gravatar_id":"","url":"https://api.github.com/users/PedroMaldonado3105","html_url":"https://github.com/PedroMaldonado3105","followers_url":"https://api.github.com/users/PedroMaldonado3105/followers","following_url":"https://api.github.com/users/PedroMaldonado3105/following{/other_user}","gists_url":"https://api.github.com/users/PedroMaldonado3105/gists{/gist_id}","starred_url":"https://api.github.com/users/PedroMaldonado3105/starred{/owner}{/repo}","subscriptions_url":"https://api.github.com/users/PedroMaldonado3105/subscriptions","organizations_url":"https://api.github.com/users/PedroMaldonado3105/orgs","repos_url":"https://api.github.com/users/PedroMaldonado3105/repos","events_url":"https://api.github.com/users/PedroMaldonado3105/events{/privacy}","received_events_url":"https://api.github.com/users/PedroMaldonado3105/received_events","type":"User","site_admin":false,"name":"Pedro Maldonado","company":null,"blog":"","location":null,"email":null,"hireable":null,"bio":null,"twitter_username":null,"public_repos":2,"public_gists":0,"followers":0,"following":0,"created_at":"2022-03-29T19:21:30Z","updated_at":"2022-04-20T03:41:34Z","private_gists":0,"total_private_repos":0,"owned_private_repos":0,"disk_usage":1,"collaborators":0,"two_factor_authentication":false,"plan":{"name":"free","space":976562499,"collaborators":0,"private_repos":10000}}
[info] 
[info] +  Success! Logged into GitHub as PedroMaldonado3105 
[info] 
